============================================================
  Generated by:           Genus(TM) Synthesis Solution 21.10-p002_1
  Generated on:           Jan 15 2025  10:36:24 am
  Module:                 somador
  Operating conditions:   PVT_0P9V_125C 
  Operating conditions:   PVT_1P32V_0C 
  Interconnect mode:      global
  Area mode:              physical library
============================================================

                                            Library 
  Gate    Instances   Area       Library     Domain 
----------------------------------------------------
ADDFX1            8   41.040    slow_vdd1v0   worst 
DFFRHQX8          9  101.574    slow_vdd1v0   worst 
----------------------------------------------------
total            17  142.614                


                                        
     Type      Instances   Area  Area % 
----------------------------------------
sequential             9 101.574   71.2 
logic                  8  41.040   28.8 
physical_cells         0   0.000    0.0 
----------------------------------------
total                 17 142.614  100.0 

